<?xml version="1.0" encoding="UTF-8"?>
<!-- Generated by org.testng.reporters.JUnitReportReporter -->
<testsuite skipped="0" hostname="BDC6-DX-J0MLX52" name="com.test.demopath" tests="1" failures="0" timestamp="16 Jul 2019 05:54:18 GMT" time="14.428" errors="0">
  <testcase name="f" time="14.428" classname="com.test.demopath"/>
</testsuite> <!-- com.test.demopath -->
