<?xml version="1.0" encoding="UTF-8"?>
<!-- Generated by org.testng.reporters.JUnitReportReporter -->
<testsuite skipped="0" hostname="BDC6-DX-J0MLX52" name="com.test.webdriverhandling" tests="1" failures="0" timestamp="16 Jul 2019 07:24:05 GMT" time="86.485" errors="0">
  <testcase name="f" time="86.485" classname="com.test.webdriverhandling"/>
</testsuite> <!-- com.test.webdriverhandling -->
