<?xml version="1.0" encoding="UTF-8"?>
<!-- Generated by org.testng.reporters.JUnitReportReporter -->
<testsuite skipped="0" hostname="BDC6-DX-J0MLX52" name="com.test.apachepoi1" tests="1" failures="0" timestamp="17 Jul 2019 04:22:39 GMT" time="5.579" errors="0">
  <testcase name="f" time="5.579" classname="com.test.apachepoi1"/>
</testsuite> <!-- com.test.apachepoi1 -->
