<?xml version="1.0" encoding="UTF-8"?>
<!-- Generated by org.testng.reporters.JUnitReportReporter -->
<testsuite skipped="0" hostname="BDC6-DX-J0MLX52" name="com.test.testmehoverchild" tests="1" failures="0" timestamp="19 Jul 2019 10:53:35 GMT" time="11.018" errors="0">
  <testcase name="f" time="11.018" classname="com.test.testmehoverchild"/>
</testsuite> <!-- com.test.testmehoverchild -->
