<?xml version="1.0" encoding="UTF-8"?>
<!-- Generated by org.testng.reporters.JUnitReportReporter -->
<testsuite skipped="0" hostname="BDC6-DX-J0MLX52" name="com.test.apachepoi_simmi" tests="1" failures="0" timestamp="17 Jul 2019 06:52:38 GMT" time="24.603" errors="0">
  <testcase name="f" time="24.603" classname="com.test.apachepoi_simmi"/>
</testsuite> <!-- com.test.apachepoi_simmi -->
