<?xml version="1.0" encoding="UTF-8"?>
<!-- Generated by org.testng.reporters.JUnitReportReporter -->
<testsuite skipped="0" hostname="BDC6-DX-J0MLX52" name="com.test.demo2" tests="1" failures="0" timestamp="15 Jul 2019 11:04:53 GMT" time="39.107" errors="0">
  <testcase name="popup" time="39.107" classname="com.test.demo2"/>
</testsuite> <!-- com.test.demo2 -->
